<?xml version="1.0" encoding="UTF-8"?>
<!-- Generated by org.testng.reporters.JUnitReportReporter -->
<testsuite skipped="0" hostname="DESKTOP-15MQ1MA" name="Automation_tutorial.Test1" tests="1" failures="0" timestamp="20 May 2020 06:31:12 GMT" time="58.223" errors="0">
  <testcase name="func1" time="58.223" classname="Automation_tutorial.Test1"/>
</testsuite> <!-- Automation_tutorial.Test1 -->
