<?xml version="1.0" encoding="UTF-8"?>
<!-- Generated by org.testng.reporters.JUnitReportReporter -->
<testsuite skipped="0" hostname="DESKTOP-15MQ1MA" name="com.expedia.cli.Test2" tests="3" failures="0" timestamp="20 May 2020 06:31:12 GMT" time="0.004" errors="0">
  <testcase name="func3" time="0.002" classname="com.expedia.cli.Test2"/>
  <testcase name="func2" time="0.001" classname="com.expedia.cli.Test2"/>
  <testcase name="func1" time="0.001" classname="com.expedia.cli.Test2"/>
</testsuite> <!-- com.expedia.cli.Test2 -->
